<?xml version="1.0" encoding="UTF-8"?>
<testsuite name="com.ai_notes_app.demo.DemoAiNotesApplicationTests" tests="1" skipped="1" failures="0" errors="0" timestamp="2024-07-25T00:23:03" hostname="Tonys-MacBook-Pro.local" time="0.0">
  <properties/>
  <testcase name="contextLoads()" classname="com.ai_notes_app.demo.DemoAiNotesApplicationTests" time="0.0">
    <skipped/>
  </testcase>
  <system-out><![CDATA[]]></system-out>
  <system-err><![CDATA[]]></system-err>
</testsuite>
